# JRE version: OpenJDK Runtime Environment (11.0.3+7) (build 11.0.3+7-Ubuntu-1ubuntu219.04.1)
# Java VM: OpenJDK 64-Bit Server VM (11.0.3+7-Ubuntu-1ubuntu219.04.1, mixed mode, sharing, tiered, compressed oops, g1 gc, linux-amd64)
Heap:
 garbage-first heap   total 328704K, used 3126K [0x00000000c4400000, 0x0000000100000000)
  region size 1024K, 1 young (1024K), 1 survivors (1024K)
 Metaspace       used 10234K, capacity 10772K, committed 11136K, reserved 1058816K
  class space    used 1144K, capacity 1390K, committed 1408K, reserved 1048576K
GC Heap History (10 events):
Event: 119,951 GC heap after
{Heap after GC invocations=16 (full 0):
 garbage-first heap   total 110592K, used 3128K [0x00000000c4400000, 0x0000000100000000)
  region size 1024K, 1 young (1024K), 1 survivors (1024K)
 Metaspace       used 10234K, capacity 10772K, committed 11136K, reserved 1058816K
  class space    used 1144K, capacity 1390K, committed 1408K, reserved 1048576K
}
Event: 122,106 GC heap before
{Heap before GC invocations=16 (full 0):
 garbage-first heap   total 110592K, used 7224K [0x00000000c4400000, 0x0000000100000000)
  region size 1024K, 5 young (5120K), 1 survivors (1024K)
 Metaspace       used 10234K, capacity 10772K, committed 11136K, reserved 1058816K
  class space    used 1144K, capacity 1390K, committed 1408K, reserved 1048576K
}
Event: 123,070 GC heap after
{Heap after GC invocations=17 (full 0):
 garbage-first heap   total 165888K, used 3134K [0x00000000c4400000, 0x0000000100000000)
  region size 1024K, 1 young (1024K), 1 survivors (1024K)
 Metaspace       used 10234K, capacity 10772K, committed 11136K, reserved 1058816K
  class space    used 1144K, capacity 1390K, committed 1408K, reserved 1048576K
}
Event: 127,409 GC heap before
{Heap before GC invocations=17 (full 0):
 garbage-first heap   total 165888K, used 10302K [0x00000000c4400000, 0x0000000100000000)
  region size 1024K, 8 young (8192K), 1 survivors (1024K)
 Metaspace       used 10234K, capacity 10772K, committed 11136K, reserved 1058816K
  class space    used 1144K, capacity 1390K, committed 1408K, reserved 1048576K
}
Event: 128,015 GC heap after
{Heap after GC invocations=18 (full 0):
 garbage-first heap   total 165888K, used 3119K [0x00000000c4400000, 0x0000000100000000)
  region size 1024K, 1 young (1024K), 1 survivors (1024K)
 Metaspace       used 10234K, capacity 10772K, committed 11136K, reserved 1058816K
  class space    used 1144K, capacity 1390K, committed 1408K, reserved 1048576K
}
Event: 135,486 GC heap before
{Heap before GC invocations=18 (full 0):
 garbage-first heap   total 165888K, used 10287K [0x00000000c4400000, 0x0000000100000000)
  region size 1024K, 8 young (8192K), 1 survivors (1024K)
 Metaspace       used 10234K, capacity 10772K, committed 11136K, reserved 1058816K
  class space    used 1144K, capacity 1390K, committed 1408K, reserved 1048576K
}
Event: 139,495 GC heap after
{Heap after GC invocations=19 (full 0):
 garbage-first heap   total 165888K, used 3126K [0x00000000c4400000, 0x0000000100000000)
  region size 1024K, 1 young (1024K), 1 survivors (1024K)
 Metaspace       used 10234K, capacity 10772K, committed 11136K, reserved 1058816K
  class space    used 1144K, capacity 1390K, committed 1408K, reserved 1048576K
}
Event: 147,192 GC heap before
{Heap before GC invocations=19 (full 0):
 garbage-first heap   total 165888K, used 10294K [0x00000000c4400000, 0x0000000100000000)
  region size 1024K, 8 young (8192K), 1 survivors (1024K)
 Metaspace       used 10234K, capacity 10772K, committed 11136K, reserved 1058816K
  class space    used 1144K, capacity 1390K, committed 1408K, reserved 1048576K
}
Event: 147,856 GC heap after
{Heap after GC invocations=20 (full 0):
 garbage-first heap   total 165888K, used 3128K [0x00000000c4400000, 0x0000000100000000)
  region size 1024K, 1 young (1024K), 1 survivors (1024K)
 Metaspace       used 10234K, capacity 10772K, committed 11136K, reserved 1058816K
  class space    used 1144K, capacity 1390K, committed 1408K, reserved 1048576K
}
Event: 152,390 GC heap before
{Heap before GC invocations=20 (full 0):
 garbage-first heap   total 165888K, used 10296K [0x00000000c4400000, 0x0000000100000000)
  region size 1024K, 8 young (8192K), 1 survivors (1024K)
 Metaspace       used 10234K, capacity 10772K, committed 11136K, reserved 1058816K
  class space    used 1144K, capacity 1390K, committed 1408K, reserved 1048576K
}

