# JRE version: OpenJDK Runtime Environment (11.0.3+7) (build 11.0.3+7-Ubuntu-1ubuntu219.04.1)
# Java VM: OpenJDK 64-Bit Server VM (11.0.3+7-Ubuntu-1ubuntu219.04.1, mixed mode, sharing, tiered, compressed oops, g1 gc, linux-amd64)
Heap:
 garbage-first heap   total 203776K, used 3137K [0x00000000c4400000, 0x0000000100000000)
  region size 1024K, 1 young (1024K), 1 survivors (1024K)
 Metaspace       used 10229K, capacity 10772K, committed 11136K, reserved 1058816K
  class space    used 1141K, capacity 1390K, committed 1408K, reserved 1048576K
GC Heap History (10 events):
Event: 102,744 GC heap after
{Heap after GC invocations=12 (full 0):
 garbage-first heap   total 81920K, used 3118K [0x00000000c4400000, 0x0000000100000000)
  region size 1024K, 1 young (1024K), 1 survivors (1024K)
 Metaspace       used 10227K, capacity 10772K, committed 11136K, reserved 1058816K
  class space    used 1141K, capacity 1390K, committed 1408K, reserved 1048576K
}
Event: 104,648 GC heap before
{Heap before GC invocations=12 (full 0):
 garbage-first heap   total 81920K, used 6190K [0x00000000c4400000, 0x0000000100000000)
  region size 1024K, 4 young (4096K), 1 survivors (1024K)
 Metaspace       used 10227K, capacity 10772K, committed 11136K, reserved 1058816K
  class space    used 1141K, capacity 1390K, committed 1408K, reserved 1048576K
}
Event: 105,658 GC heap after
{Heap after GC invocations=13 (full 0):
 garbage-first heap   total 106496K, used 3128K [0x00000000c4400000, 0x0000000100000000)
  region size 1024K, 1 young (1024K), 1 survivors (1024K)
 Metaspace       used 10227K, capacity 10772K, committed 11136K, reserved 1058816K
  class space    used 1141K, capacity 1390K, committed 1408K, reserved 1048576K
}
Event: 107,895 GC heap before
{Heap before GC invocations=13 (full 0):
 garbage-first heap   total 106496K, used 7224K [0x00000000c4400000, 0x0000000100000000)
  region size 1024K, 5 young (5120K), 1 survivors (1024K)
 Metaspace       used 10227K, capacity 10772K, committed 11136K, reserved 1058816K
  class space    used 1141K, capacity 1390K, committed 1408K, reserved 1048576K
}
Event: 108,654 GC heap after
{Heap after GC invocations=14 (full 0):
 garbage-first heap   total 106496K, used 3124K [0x00000000c4400000, 0x0000000100000000)
  region size 1024K, 1 young (1024K), 1 survivors (1024K)
 Metaspace       used 10227K, capacity 10772K, committed 11136K, reserved 1058816K
  class space    used 1141K, capacity 1390K, committed 1408K, reserved 1048576K
}
Event: 112,142 GC heap before
{Heap before GC invocations=14 (full 0):
 garbage-first heap   total 106496K, used 7220K [0x00000000c4400000, 0x0000000100000000)
  region size 1024K, 5 young (5120K), 1 survivors (1024K)
 Metaspace       used 10229K, capacity 10772K, committed 11136K, reserved 1058816K
  class space    used 1141K, capacity 1390K, committed 1408K, reserved 1048576K
}
Event: 112,884 GC heap after
{Heap after GC invocations=15 (full 0):
 garbage-first heap   total 106496K, used 3126K [0x00000000c4400000, 0x0000000100000000)
  region size 1024K, 1 young (1024K), 1 survivors (1024K)
 Metaspace       used 10229K, capacity 10772K, committed 11136K, reserved 1058816K
  class space    used 1141K, capacity 1390K, committed 1408K, reserved 1048576K
}
Event: 119,590 GC heap before
{Heap before GC invocations=15 (full 0):
 garbage-first heap   total 106496K, used 7222K [0x00000000c4400000, 0x0000000100000000)
  region size 1024K, 5 young (5120K), 1 survivors (1024K)
 Metaspace       used 10229K, capacity 10772K, committed 11136K, reserved 1058816K
  class space    used 1141K, capacity 1390K, committed 1408K, reserved 1048576K
}
Event: 121,850 GC heap after
{Heap after GC invocations=16 (full 0):
 garbage-first heap   total 106496K, used 3127K [0x00000000c4400000, 0x0000000100000000)
  region size 1024K, 1 young (1024K), 1 survivors (1024K)
 Metaspace       used 10229K, capacity 10772K, committed 11136K, reserved 1058816K
  class space    used 1141K, capacity 1390K, committed 1408K, reserved 1048576K
}
Event: 126,947 GC heap before
{Heap before GC invocations=16 (full 0):
 garbage-first heap   total 106496K, used 7223K [0x00000000c4400000, 0x0000000100000000)
  region size 1024K, 5 young (5120K), 1 survivors (1024K)
 Metaspace       used 10229K, capacity 10772K, committed 11136K, reserved 1058816K
  class space    used 1141K, capacity 1390K, committed 1408K, reserved 1048576K
}

